000000000000111111111111000000000000111111111111000000000000111111111111000000000000111111111111
000000000000111212111111000002200000111112211111002202202200111112211111000202000000111111111111
000222222000111222222111000022220000111222222111000222222000111122221111000222222000111222222111
000022220000111122222111000022220000111122221111000022220000111122221111000022222000111122221111
000022220000111122111111000022220000111112211111000002200000111122221111000022000000111122221111
000022220000111222221111000222222000111122221111000022220000111222222111000222220000111122221111
000222222000112222222111000222222000111222222111000222222000111222222111002222222000111222222111
000000000000111111111111000000000000111111111111000000000000111111111111000000000000111111111111
111111111111000000000000111111111111000000000000111111111111000000000000111111111111000000000000
111111111111000000000000111111111111000000000000111111111111000000000000111111111111000000000000
111112211111000002200000111112211111000002200000111112211111000002200000111112211111000002200000
111122221111000022220000111122221111000022220000111122221111000022220000111122221111000022220000
111122221111000022220000111122221111000022220000111122221111000022220000111122221111000022220000
111122221111000022220000111122221111000022220000111122221111000022220000111122221111000022220000
111122221111000022220000111122221111000022220000111122221111000022220000111122221111000022220000
111111111111000000000000111111111111000000000000111111111111000000000000111111111111000000000000
000000000000111111111111000000000000111111111111000000000000111111111111000000000000111111111111
000000000000111111111111000000000000111111111111000000000000111111111111000000000000111111111111
000000000000111111111111000000000000111111111111000000000000111111111111000000000000111111111111
000000000000111111111111000000000000111111111111000000000000111111111111000000000000111111111111
000000000000111111111111000000000000111111111111000000000000111111111111000000000000111111111111
000000000000111111111111000000000000111111111111000000000000111111111111000000000000111111111111
000000000000111111111111000000000000111111111111000000000000111111111111000000000000111111111111
000000000000111111111111000000000000111111111111000000000000111111111111000000000000111111111111
111111111111000000000000111111111111000000000000111111111111000000000000111111111111000000000000
111111111111000000000000111111111111000000000000111111111111000000000000111111111111000000000000
111111111111000000000000111111111111000000000000111111111111000000000000111111111111000000000000
111111111111000000000000111111111111000000000000111111111111000000000000111111111111000000000000
111111111111000000000000111111111111000000000000111111111111000000000000111111111111000000000000
111111111111000000000000111111111111000000000000111111111111000000000000111111111111000000000000
111111111111000000000000111111111111000000000000111111111111000000000000111111111111000000000000
111111111111000000000000111111111111000000000000111111111111000000000000111111111111000000000000
000000000000111111111111000000000000111111111111000000000000111111111111000000000000111111111111
000000000000111111111111000000000000111111111111000000000000111111111111000000000000111111111111
000000000000111111111111000000000000111111111111000000000000111111111111000000000000111111111111
000000000000111111111111000000000000111111111111000000000000111111111111000000000000111111111111
000000000000111111111111000000000000111111111111000000000000111111111111000000000000111111111111
000000000000111111111111000000000000111111111111000000000000111111111111000000000000111111111111
000000000000111111111111000000000000111111111111000000000000111111111111000000000000111111111111
000000000000111111111111000000000000111111111111000000000000111111111111000000000000111111111111
111111111111000000000000111111111111000000000000111111111111000000000000111111111111000000000000
111111111111000000000000111111111111000000000000111111111111000000000000111111111111000000000000
111111111111000000000000111111111111000000000000111111111111000000000000111111111111000000000000
111111111111000000000000111111111111000000000000111111111111000000000000111111111111000000000000
111111111111000000000000111111111111000000000000111111111111000000000000111111111111000000000000
111111111111000000000000111111111111000000000000111111111111000000000000111111111111000000000000
111111111111000000000000111111111111000000000000111111111111000000000000111111111111000000000000
111111111111000000000000111111111111000000000000111111111111000000000000111111111111000000000000
000000000000111111111111000000000000111111111111000000000000111111111111000000000000111111111111
000000000000111111111111000000000000111111111111000000000000111111111111000000000000111111111111
000003300000111113311111000003300000111113311111000003300000111113311111000003300000111113311111
000033330000111133331111000033330000111133331111000033330000111133331111000033330000111133331111
000033330000111133331111000033330000111133331111000033330000111133331111000033330000111133331111
000033330000111133331111000033330000111133331111000033330000111133331111000033330000111133331111
000033330000111133331111000033330000111133331111000033330000111133331111000033330000111133331111
000000000000111111111111000000000000111111111111000000000000111111111111000000000000111111111111
111111111111000000000000111111111111000000000000111111111111000000000000111111111111000000000000
111111111111000303000000111113311111003303303300111113311111000003300000111313111111000000000000
111333333111000333333000111133331111000333333000111333333111000033330000111333333111000333333000
111133331111000033333000111133331111000033330000111133331111000033330000111133333111000033330000
111133331111000033000000111133331111000003300000111113311111000033330000111133111111000033330000
111133331111000333330000111333333111000033330000111133331111000333333000111333331111000033330000
111333333111003333333000111333333111000333333000111333333111000333333000113333333111000333333000
111111111111000000000000111111111111000000000000111111111111000000000000111111111111000000000000
